app/build/outputs/logs/manifest-merger-debug-report.txt
-- Merging decision tree log ---
manifest
ADDED from src\main\AndroidManifest.xml:1:1-132:12
INJECTED from src\main\AndroidManifest.xml:1:1-132:12
INJECTED from src\main\AndroidManifest.xml:1:1-132:12
INJECTED from src\main\AndroidManifest.xml:1:1-132:12
MERGED from [com.google.android.material:material:1.0.0] AndroidManifest.xml:17:1-24:12
MERGED from [androidx.appcompat:appcompat:1.1.0] AndroidManifest.xml:17:1-24:12
MERGED from [com.google.firebase:firebase-auth:19.0.0] AndroidManifest.xml:17:1-42:12
MERGED from [com.google.firebase:firebase-database:19.0.0] AndroidManifest.xml:15:1-38:12
MERGED from [com.google.firebase:firebase-storage:19.0.0] AndroidManifest.xml:15:1-39:12
MERGED from [com.google.android.gms:play-services-maps:17.0.0] AndroidManifest.xml:17:1-38:12
MERGED from [com.google.firebase:firebase-auth-interop:18.0.0] AndroidManifest.xml:2:1-10:12
MERGED from [com.google.android.gms:play-services-base:17.1.0] AndroidManifest.xml:17:1-29:12
MERGED from [com.google.firebase:firebase-common:19.0.0] AndroidManifest.xml:2:1-19:12
MERGED from [com.google.android.gms:play-services-tasks:17.0.0] AndroidManifest.xml:2:1-9:12
MERGED from [com.google.android.gms:play-services-basement:17.0.0] AndroidManifest.xml:17:1-28:12
MERGED from [androidx.fragment:fragment:1.1.0] AndroidManifest.xml:17:1-24:12
MERGED from [androidx.appcompat:appcompat-resources:1.1.0] AndroidManifest.xml:17:1-24:12
MERGED from [androidx.recyclerview:recyclerview:1.0.0] AndroidManifest.xml:17:1-22:12
MERGED from [androidx.legacy:legacy-support-core-ui:1.0.0] AndroidManifest.xml:17:1-22:12
MERGED from [androidx.drawerlayout:drawerlayout:1.0.0] AndroidManifest.xml:17:1-22:12
MERGED from [androidx.legacy:legacy-support-core-utils:1.0.0] AndroidManifest.xml:17:1-22:12
MERGED from [androidx.transition:transition:1.0.0] AndroidManifest.xml:17:1-22:12
MERGED from [androidx.viewpager:viewpager:1.0.0] AndroidManifest.xml:17:1-22:12
MERGED from [androidx.loader:loader:1.0.0] AndroidManifest.xml:17:1-22:12
MERGED from [androidx.activity:activity:1.0.0] AndroidManifest.xml:17:1-24:12
MERGED from [androidx.vectordrawable:vectordrawable-animated:1.1.0] AndroidManifest.xml:17:1-24:12
MERGED from [androidx.vectordrawable:vectordrawable:1.1.0] AndroidManifest.xml:17:1-24:12
MERGED from [androidx.coordinatorlayout:coordinatorlayout:1.0.0] AndroidManifest.xml:17:1-22:12
MERGED from [androidx.slidingpanelayout:slidingpanelayout:1.0.0] AndroidManifest.xml:17:1-22:12
MERGED from [androidx.customview:customview:1.0.0] AndroidManifest.xml:17:1-22:12
MERGED from [androidx.swiperefreshlayout:swiperefreshlayout:1.0.0] AndroidManifest.xml:17:1-22:12
MERGED from [androidx.asynclayoutinflater:asynclayoutinflater:1.0.0] AndroidManifest.xml:17:1-22:12
MERGED from [androidx.core:core:1.1.0] AndroidManifest.xml:17:1-26:12
MERGED from [androidx.cursoradapter:cursoradapter:1.0.0] AndroidManifest.xml:17:1-22:12
MERGED from [androidx.cardview:cardview:1.0.0] AndroidManifest.xml:17:1-22:12
MERGED from [androidx.localbroadcastmanager:localbroadcastmanager:1.0.0] AndroidManifest.xml:17:1-22:12
MERGED from [androidx.versionedparcelable:versionedparcelable:1.1.0] AndroidManifest.xml:17:1-27:12
MERGED from [androidx.interpolator:interpolator:1.0.0] AndroidManifest.xml:17:1-22:12
MERGED from [androidx.documentfile:documentfile:1.0.0] AndroidManifest.xml:17:1-22:12
MERGED from [androidx.print:print:1.0.0] AndroidManifest.xml:17:1-22:12
MERGED from [androidx.lifecycle:lifecycle-runtime:2.1.0] AndroidManifest.xml:17:1-22:12
MERGED from [androidx.lifecycle:lifecycle-viewmodel:2.1.0] AndroidManifest.xml:17:1-22:12
MERGED from [androidx.savedstate:savedstate:1.0.0] AndroidManifest.xml:17:1-24:12
MERGED from [androidx.lifecycle:lifecycle-livedata:2.0.0] AndroidManifest.xml:17:1-22:12
MERGED from [androidx.lifecycle:lifecycle-livedata-core:2.0.0] AndroidManifest.xml:17:1-22:12
MERGED from [androidx.arch.core:core-runtime:2.0.0] AndroidManifest.xml:17:1-22:12
MERGED from [com.google.firebase:firebase-database-collection:17.0.0] AndroidManifest.xml:2:1-7:12
INJECTED from src\main\AndroidManifest.xml:1:1-132:12
INJECTED from src\main\AndroidManifest.xml:1:1-132:12
INJECTED from src\main\AndroidManifest.xml:1:1-132:12
	package
		ADDED from src\main\AndroidManifest.xml:3:2-29
		INJECTED from src\main\AndroidManifest.xml
		INJECTED from src\main\AndroidManifest.xml
	android:versionName
		INJECTED from src\main\AndroidManifest.xml
		ADDED from src\main\AndroidManifest.xml:1:1-132:12
		INJECTED from src\main\AndroidManifest.xml
	android:versionCode
		INJECTED from src\main\AndroidManifest.xml
		ADDED from src\main\AndroidManifest.xml:1:1-132:12
		INJECTED from src\main\AndroidManifest.xml
	xmlns:android
		ADDED from src\main\AndroidManifest.xml:2:2-60
uses-permission#android.permission.INTERNET
ADDED from src\main\AndroidManifest.xml:4:2-63
MERGED from [com.google.firebase:firebase-database:19.0.0] AndroidManifest.xml:26:5-67
MERGED from [com.google.firebase:firebase-database:19.0.0] AndroidManifest.xml:26:5-67
MERGED from [com.google.firebase:firebase-storage:19.0.0] AndroidManifest.xml:27:5-67
MERGED from [com.google.firebase:firebase-storage:19.0.0] AndroidManifest.xml:27:5-67
MERGED from [com.google.android.gms:play-services-maps:17.0.0] AndroidManifest.xml:24:5-67
MERGED from [com.google.android.gms:play-services-maps:17.0.0] AndroidManifest.xml:24:5-67
	android:name
		ADDED from src\main\AndroidManifest.xml:4:19-61
uses-permission#android.permission.ACCESS_NETWORK_STATE
ADDED from src\main\AndroidManifest.xml:5:2-75
MERGED from [com.google.firebase:firebase-database:19.0.0] AndroidManifest.xml:25:5-79
MERGED from [com.google.firebase:firebase-database:19.0.0] AndroidManifest.xml:25:5-79
MERGED from [com.google.firebase:firebase-storage:19.0.0] AndroidManifest.xml:26:5-79
MERGED from [com.google.firebase:firebase-storage:19.0.0] AndroidManifest.xml:26:5-79
MERGED from [com.google.android.gms:play-services-maps:17.0.0] AndroidManifest.xml:23:5-79
MERGED from [com.google.android.gms:play-services-maps:17.0.0] AndroidManifest.xml:23:5-79
	android:name
		ADDED from src\main\AndroidManifest.xml:5:19-73
uses-permission#android.permission.CAMERA
ADDED from src\main\AndroidManifest.xml:6:2-61
	android:name
		ADDED from src\main\AndroidManifest.xml:6:19-59
uses-permission#android.permission.READ_EXTERNAL_STORAGE
ADDED from src\main\AndroidManifest.xml:7:2-76
	android:name
		ADDED from src\main\AndroidManifest.xml:7:19-74
uses-permission#android.permission.WRITE_EXTERNAL_STORAGE
ADDED from src\main\AndroidManifest.xml:8:2-77
	android:name
		ADDED from src\main\AndroidManifest.xml:8:19-75
uses-permission#android.permission.ACCESS_FINE_LOCATION
ADDED from src\main\AndroidManifest.xml:9:2-75
	android:name
		ADDED from src\main\AndroidManifest.xml:9:19-73
application
ADDED from src\main\AndroidManifest.xml:10:2-131:16
MERGED from [com.google.android.material:material:1.0.0] AndroidManifest.xml:22:5-20
MERGED from [com.google.android.material:material:1.0.0] AndroidManifest.xml:22:5-20
MERGED from [com.google.firebase:firebase-auth:19.0.0] AndroidManifest.xml:23:5-40:19
MERGED from [com.google.firebase:firebase-auth:19.0.0] AndroidManifest.xml:23:5-40:19
MERGED from [com.google.firebase:firebase-database:19.0.0] AndroidManifest.xml:28:5-36:19
MERGED from [com.google.firebase:firebase-database:19.0.0] AndroidManifest.xml:28:5-36:19
MERGED from [com.google.firebase:firebase-storage:19.0.0] AndroidManifest.xml:29:5-37:19
MERGED from [com.google.firebase:firebase-storage:19.0.0] AndroidManifest.xml:29:5-37:19
MERGED from [com.google.android.gms:play-services-maps:17.0.0] AndroidManifest.xml:30:5-36:19
MERGED from [com.google.android.gms:play-services-maps:17.0.0] AndroidManifest.xml:30:5-36:19
MERGED from [com.google.firebase:firebase-auth-interop:18.0.0] AndroidManifest.xml:7:5-8:19
MERGED from [com.google.firebase:firebase-auth-interop:18.0.0] AndroidManifest.xml:7:5-8:19
MERGED from [com.google.android.gms:play-services-base:17.1.0] AndroidManifest.xml:22:5-27:19
MERGED from [com.google.android.gms:play-services-base:17.1.0] AndroidManifest.xml:22:5-27:19
MERGED from [com.google.firebase:firebase-common:19.0.0] AndroidManifest.xml:11:5-17:19
MERGED from [com.google.firebase:firebase-common:19.0.0] AndroidManifest.xml:11:5-17:19
MERGED from [com.google.android.gms:play-services-tasks:17.0.0] AndroidManifest.xml:7:5-20
MERGED from [com.google.android.gms:play-services-tasks:17.0.0] AndroidManifest.xml:7:5-20
MERGED from [com.google.android.gms:play-services-basement:17.0.0] AndroidManifest.xml:22:5-26:19
MERGED from [com.google.android.gms:play-services-basement:17.0.0] AndroidManifest.xml:22:5-26:19
MERGED from [androidx.core:core:1.1.0] AndroidManifest.xml:24:5-89
MERGED from [androidx.core:core:1.1.0] AndroidManifest.xml:24:5-89
MERGED from [androidx.versionedparcelable:versionedparcelable:1.1.0] AndroidManifest.xml:24:5-25:19
MERGED from [androidx.versionedparcelable:versionedparcelable:1.1.0] AndroidManifest.xml:24:5-25:19
	android:appComponentFactory
		ADDED from [androidx.core:core:1.1.0] AndroidManifest.xml:24:18-86
	android:label
		ADDED from src\main\AndroidManifest.xml:12:3-28
	android:largeHeap
		ADDED from src\main\AndroidManifest.xml:14:3-27
	android:icon
		ADDED from src\main\AndroidManifest.xml:13:3-36
	android:allowBackup
		ADDED from src\main\AndroidManifest.xml:11:3-29
	android:theme
		ADDED from src\main\AndroidManifest.xml:15:3-34
activity#com.star.flataway.MainActivity
ADDED from src\main\AndroidManifest.xml:16:3-26:14
	android:screenOrientation
		ADDED from src\main\AndroidManifest.xml:20:4-43
	android:windowSoftInputMode
		ADDED from src\main\AndroidManifest.xml:21:4-45
	android:configChanges
		ADDED from src\main\AndroidManifest.xml:18:4-50
	android:theme
		ADDED from src\main\AndroidManifest.xml:19:4-46
	android:name
		ADDED from src\main\AndroidManifest.xml:17:4-32
intent-filter#action:name:android.intent.action.MAIN+category:name:android.intent.category.LAUNCHER
ADDED from src\main\AndroidManifest.xml:22:4-25:20
action#android.intent.action.MAIN
ADDED from src\main\AndroidManifest.xml:23:5-56
	android:name
		ADDED from src\main\AndroidManifest.xml:23:13-54
category#android.intent.category.LAUNCHER
ADDED from src\main\AndroidManifest.xml:24:5-64
	android:name
		ADDED from src\main\AndroidManifest.xml:24:15-62
activity#com.star.flataway.LoginActivity
ADDED from src\main\AndroidManifest.xml:27:3-30:45
	android:screenOrientation
		ADDED from src\main\AndroidManifest.xml:30:4-43
	android:configChanges
		ADDED from src\main\AndroidManifest.xml:29:4-50
	android:name
		ADDED from src\main\AndroidManifest.xml:28:4-33
activity#com.star.flataway.SigActivity
ADDED from src\main\AndroidManifest.xml:31:3-34:45
	android:screenOrientation
		ADDED from src\main\AndroidManifest.xml:34:4-43
	android:label
		ADDED from src\main\AndroidManifest.xml:33:4-36
	android:name
		ADDED from src\main\AndroidManifest.xml:32:4-31
activity#com.star.flataway.ForgotActivity
ADDED from src\main\AndroidManifest.xml:35:3-38:45
	android:screenOrientation
		ADDED from src\main\AndroidManifest.xml:38:4-43
	android:configChanges
		ADDED from src\main\AndroidManifest.xml:37:4-50
	android:name
		ADDED from src\main\AndroidManifest.xml:36:4-34
activity#com.star.flataway.DashboardActivity
ADDED from src\main\AndroidManifest.xml:39:3-41:52
	android:configChanges
		ADDED from src\main\AndroidManifest.xml:41:4-50
	android:name
		ADDED from src\main\AndroidManifest.xml:40:4-37
activity#com.star.flataway.Img_1Activity
ADDED from src\main\AndroidManifest.xml:42:3-46:47
	android:screenOrientation
		ADDED from src\main\AndroidManifest.xml:45:4-43
	android:windowSoftInputMode
		ADDED from src\main\AndroidManifest.xml:46:4-45
	android:configChanges
		ADDED from src\main\AndroidManifest.xml:44:4-50
	android:name
		ADDED from src\main\AndroidManifest.xml:43:4-33
activity#com.star.flataway.Img_2Activity
ADDED from src\main\AndroidManifest.xml:47:3-51:47
	android:screenOrientation
		ADDED from src\main\AndroidManifest.xml:50:4-43
	android:windowSoftInputMode
		ADDED from src\main\AndroidManifest.xml:51:4-45
	android:configChanges
		ADDED from src\main\AndroidManifest.xml:49:4-50
	android:name
		ADDED from src\main\AndroidManifest.xml:48:4-33
activity#com.star.flataway.ContactusActivity
ADDED from src\main\AndroidManifest.xml:52:3-56:47
	android:screenOrientation
		ADDED from src\main\AndroidManifest.xml:55:4-43
	android:windowSoftInputMode
		ADDED from src\main\AndroidManifest.xml:56:4-45
	android:configChanges
		ADDED from src\main\AndroidManifest.xml:54:4-50
	android:name
		ADDED from src\main\AndroidManifest.xml:53:4-37
activity#com.star.flataway.RentahouseActivity
ADDED from src\main\AndroidManifest.xml:57:3-60:45
	android:screenOrientation
		ADDED from src\main\AndroidManifest.xml:60:4-43
	android:configChanges
		ADDED from src\main\AndroidManifest.xml:59:4-50
	android:name
		ADDED from src\main\AndroidManifest.xml:58:4-38
activity#com.star.flataway.SupportActivity
ADDED from src\main\AndroidManifest.xml:61:3-64:45
	android:screenOrientation
		ADDED from src\main\AndroidManifest.xml:64:4-43
	android:configChanges
		ADDED from src\main\AndroidManifest.xml:63:4-50
	android:name
		ADDED from src\main\AndroidManifest.xml:62:4-35
activity#com.star.flataway.Starview_1Activity
ADDED from src\main\AndroidManifest.xml:65:3-69:47
	android:screenOrientation
		ADDED from src\main\AndroidManifest.xml:68:4-43
	android:windowSoftInputMode
		ADDED from src\main\AndroidManifest.xml:69:4-45
	android:configChanges
		ADDED from src\main\AndroidManifest.xml:67:4-50
	android:name
		ADDED from src\main\AndroidManifest.xml:66:4-38
activity#com.star.flataway.MainpageActivity
ADDED from src\main\AndroidManifest.xml:70:3-74:47
	android:screenOrientation
		ADDED from src\main\AndroidManifest.xml:73:4-43
	android:windowSoftInputMode
		ADDED from src\main\AndroidManifest.xml:74:4-45
	android:configChanges
		ADDED from src\main\AndroidManifest.xml:72:4-50
	android:name
		ADDED from src\main\AndroidManifest.xml:71:4-36
activity#com.star.flataway.Mapview_1Activity
ADDED from src\main\AndroidManifest.xml:75:3-80:47
	android:screenOrientation
		ADDED from src\main\AndroidManifest.xml:79:4-43
	android:windowSoftInputMode
		ADDED from src\main\AndroidManifest.xml:80:4-45
	android:configChanges
		ADDED from src\main\AndroidManifest.xml:77:4-50
	android:theme
		ADDED from src\main\AndroidManifest.xml:78:4-46
	android:name
		ADDED from src\main\AndroidManifest.xml:76:4-37
activity#com.star.flataway.Mapview_2Activity
ADDED from src\main\AndroidManifest.xml:81:3-85:47
	android:screenOrientation
		ADDED from src\main\AndroidManifest.xml:84:4-43
	android:windowSoftInputMode
		ADDED from src\main\AndroidManifest.xml:85:4-45
	android:configChanges
		ADDED from src\main\AndroidManifest.xml:83:4-50
	android:name
		ADDED from src\main\AndroidManifest.xml:82:4-37
activity#com.star.flataway.LocationTakerActivity
ADDED from src\main\AndroidManifest.xml:86:3-90:47
	android:screenOrientation
		ADDED from src\main\AndroidManifest.xml:89:4-43
	android:windowSoftInputMode
		ADDED from src\main\AndroidManifest.xml:90:4-45
	android:configChanges
		ADDED from src\main\AndroidManifest.xml:88:4-50
	android:name
		ADDED from src\main\AndroidManifest.xml:87:4-41
activity#com.star.flataway.BookNowActivity
ADDED from src\main\AndroidManifest.xml:91:3-94:45
	android:screenOrientation
		ADDED from src\main\AndroidManifest.xml:94:4-43
	android:configChanges
		ADDED from src\main\AndroidManifest.xml:93:4-50
	android:name
		ADDED from src\main\AndroidManifest.xml:92:4-35
meta-data#com.google.android.gms.version
ADDED from src\main\AndroidManifest.xml:95:3-97:59
MERGED from [com.google.android.gms:play-services-basement:17.0.0] AndroidManifest.xml:23:9-25:69
MERGED from [com.google.android.gms:play-services-basement:17.0.0] AndroidManifest.xml:23:9-25:69
	android:value
		ADDED from src\main\AndroidManifest.xml:97:4-57
	android:name
		ADDED from src\main\AndroidManifest.xml:96:4-49
provider#com.google.firebase.provider.FirebaseInitProvider
ADDED from src\main\AndroidManifest.xml:98:3-102:29
MERGED from [com.google.firebase:firebase-common:19.0.0] AndroidManifest.xml:12:9-16:39
MERGED from [com.google.firebase:firebase-common:19.0.0] AndroidManifest.xml:12:9-16:39
	android:authorities
		ADDED from src\main\AndroidManifest.xml:100:4-64
	android:exported
		ADDED from src\main\AndroidManifest.xml:101:4-28
	android:initOrder
		ADDED from src\main\AndroidManifest.xml:102:4-27
	android:name
		ADDED from src\main\AndroidManifest.xml:99:4-68
service#com.google.firebase.components.ComponentDiscoveryService
ADDED from src\main\AndroidManifest.xml:103:3-115:13
MERGED from [com.google.firebase:firebase-auth:19.0.0] AndroidManifest.xml:33:9-39:19
MERGED from [com.google.firebase:firebase-auth:19.0.0] AndroidManifest.xml:33:9-39:19
MERGED from [com.google.firebase:firebase-database:19.0.0] AndroidManifest.xml:29:9-35:19
MERGED from [com.google.firebase:firebase-database:19.0.0] AndroidManifest.xml:29:9-35:19
MERGED from [com.google.firebase:firebase-storage:19.0.0] AndroidManifest.xml:30:9-36:19
MERGED from [com.google.firebase:firebase-storage:19.0.0] AndroidManifest.xml:30:9-36:19
	android:exported
		ADDED from src\main\AndroidManifest.xml:105:4-28
	android:name
		ADDED from src\main\AndroidManifest.xml:104:4-75
meta-data#com.google.firebase.components:com.google.firebase.auth.FirebaseAuthRegistrar
ADDED from src\main\AndroidManifest.xml:106:4-108:72
MERGED from [com.google.firebase:firebase-auth:19.0.0] AndroidManifest.xml:36:13-38:85
MERGED from [com.google.firebase:firebase-auth:19.0.0] AndroidManifest.xml:36:13-38:85
	android:value
		ADDED from src\main\AndroidManifest.xml:108:5-70
	android:name
		ADDED from src\main\AndroidManifest.xml:107:5-97
meta-data#com.google.firebase.components:com.google.firebase.database.DatabaseRegistrar
ADDED from src\main\AndroidManifest.xml:109:4-111:72
MERGED from [com.google.firebase:firebase-database:19.0.0] AndroidManifest.xml:32:13-34:85
MERGED from [com.google.firebase:firebase-database:19.0.0] AndroidManifest.xml:32:13-34:85
	android:value
		ADDED from src\main\AndroidManifest.xml:111:5-70
	android:name
		ADDED from src\main\AndroidManifest.xml:110:5-97
meta-data#com.google.firebase.components:com.google.firebase.storage.StorageRegistrar
ADDED from src\main\AndroidManifest.xml:112:4-114:72
MERGED from [com.google.firebase:firebase-storage:19.0.0] AndroidManifest.xml:33:13-35:85
MERGED from [com.google.firebase:firebase-storage:19.0.0] AndroidManifest.xml:33:13-35:85
	android:value
		ADDED from src\main\AndroidManifest.xml:114:5-70
	android:name
		ADDED from src\main\AndroidManifest.xml:113:5-95
provider#androidx.core.content.FileProvider
ADDED from src\main\AndroidManifest.xml:116:3-124:14
	android:grantUriPermissions
		ADDED from src\main\AndroidManifest.xml:120:4-38
	android:authorities
		ADDED from src\main\AndroidManifest.xml:117:4-52
	android:exported
		ADDED from src\main\AndroidManifest.xml:119:4-28
	android:name
		ADDED from src\main\AndroidManifest.xml:118:4-53
meta-data#android.support.FILE_PROVIDER_PATHS
ADDED from src\main\AndroidManifest.xml:121:4-123:45
	android:resource
		ADDED from src\main\AndroidManifest.xml:123:5-43
	android:name
		ADDED from src\main\AndroidManifest.xml:122:5-55
meta-data#com.google.android.geo.API_KEY
ADDED from src\main\AndroidManifest.xml:125:3-127:45
	android:value
		ADDED from src\main\AndroidManifest.xml:127:4-43
	android:name
		ADDED from src\main\AndroidManifest.xml:126:4-49
uses-library#org.apache.http.legacy
ADDED from src\main\AndroidManifest.xml:128:3-130:30
MERGED from [com.google.android.gms:play-services-maps:17.0.0] AndroidManifest.xml:33:9-35:40
MERGED from [com.google.android.gms:play-services-maps:17.0.0] AndroidManifest.xml:33:9-35:40
	android:required
		ADDED from src\main\AndroidManifest.xml:130:4-28
	android:name
		ADDED from src\main\AndroidManifest.xml:129:4-41
uses-sdk
INJECTED from src\main\AndroidManifest.xml reason: use-sdk injection requested
INJECTED from src\main\AndroidManifest.xml
INJECTED from src\main\AndroidManifest.xml
MERGED from [com.google.android.material:material:1.0.0] AndroidManifest.xml:20:5-44
MERGED from [com.google.android.material:material:1.0.0] AndroidManifest.xml:20:5-44
MERGED from [androidx.appcompat:appcompat:1.1.0] AndroidManifest.xml:20:5-22:41
MERGED from [androidx.appcompat:appcompat:1.1.0] AndroidManifest.xml:20:5-22:41
MERGED from [com.google.firebase:firebase-auth:19.0.0] AndroidManifest.xml:21:5-44
MERGED from [com.google.firebase:firebase-auth:19.0.0] AndroidManifest.xml:21:5-44
MERGED from [com.google.firebase:firebase-database:19.0.0] AndroidManifest.xml:19:5-21:41
MERGED from [com.google.firebase:firebase-database:19.0.0] AndroidManifest.xml:19:5-21:41
MERGED from [com.google.firebase:firebase-storage:19.0.0] AndroidManifest.xml:20:5-22:41
MERGED from [com.google.firebase:firebase-storage:19.0.0] AndroidManifest.xml:20:5-22:41
MERGED from [com.google.android.gms:play-services-maps:17.0.0] AndroidManifest.xml:20:5-44
MERGED from [com.google.android.gms:play-services-maps:17.0.0] AndroidManifest.xml:20:5-44
MERGED from [com.google.firebase:firebase-auth-interop:18.0.0] AndroidManifest.xml:5:5-44
MERGED from [com.google.firebase:firebase-auth-interop:18.0.0] AndroidManifest.xml:5:5-44
MERGED from [com.google.android.gms:play-services-base:17.1.0] AndroidManifest.xml:20:5-44
MERGED from [com.google.android.gms:play-services-base:17.1.0] AndroidManifest.xml:20:5-44
MERGED from [com.google.firebase:firebase-common:19.0.0] AndroidManifest.xml:6:5-8:41
MERGED from [com.google.firebase:firebase-common:19.0.0] AndroidManifest.xml:6:5-8:41
MERGED from [com.google.android.gms:play-services-tasks:17.0.0] AndroidManifest.xml:5:5-44
MERGED from [com.google.android.gms:play-services-tasks:17.0.0] AndroidManifest.xml:5:5-44
MERGED from [com.google.android.gms:play-services-basement:17.0.0] AndroidManifest.xml:20:5-44
MERGED from [com.google.android.gms:play-services-basement:17.0.0] AndroidManifest.xml:20:5-44
MERGED from [androidx.fragment:fragment:1.1.0] AndroidManifest.xml:20:5-22:41
MERGED from [androidx.fragment:fragment:1.1.0] AndroidManifest.xml:20:5-22:41
MERGED from [androidx.appcompat:appcompat-resources:1.1.0] AndroidManifest.xml:20:5-22:41
MERGED from [androidx.appcompat:appcompat-resources:1.1.0] AndroidManifest.xml:20:5-22:41
MERGED from [androidx.recyclerview:recyclerview:1.0.0] AndroidManifest.xml:20:5-44
MERGED from [androidx.recyclerview:recyclerview:1.0.0] AndroidManifest.xml:20:5-44
MERGED from [androidx.legacy:legacy-support-core-ui:1.0.0] AndroidManifest.xml:20:5-44
MERGED from [androidx.legacy:legacy-support-core-ui:1.0.0] AndroidManifest.xml:20:5-44
MERGED from [androidx.drawerlayout:drawerlayout:1.0.0] AndroidManifest.xml:20:5-44
MERGED from [androidx.drawerlayout:drawerlayout:1.0.0] AndroidManifest.xml:20:5-44
MERGED from [androidx.legacy:legacy-support-core-utils:1.0.0] AndroidManifest.xml:20:5-44
MERGED from [androidx.legacy:legacy-support-core-utils:1.0.0] AndroidManifest.xml:20:5-44
MERGED from [androidx.transition:transition:1.0.0] AndroidManifest.xml:20:5-44
MERGED from [androidx.transition:transition:1.0.0] AndroidManifest.xml:20:5-44
MERGED from [androidx.viewpager:viewpager:1.0.0] AndroidManifest.xml:20:5-44
MERGED from [androidx.viewpager:viewpager:1.0.0] AndroidManifest.xml:20:5-44
MERGED from [androidx.loader:loader:1.0.0] AndroidManifest.xml:20:5-44
MERGED from [androidx.loader:loader:1.0.0] AndroidManifest.xml:20:5-44
MERGED from [androidx.activity:activity:1.0.0] AndroidManifest.xml:20:5-22:41
MERGED from [androidx.activity:activity:1.0.0] AndroidManifest.xml:20:5-22:41
MERGED from [androidx.vectordrawable:vectordrawable-animated:1.1.0] AndroidManifest.xml:20:5-22:41
MERGED from [androidx.vectordrawable:vectordrawable-animated:1.1.0] AndroidManifest.xml:20:5-22:41
MERGED from [androidx.vectordrawable:vectordrawable:1.1.0] AndroidManifest.xml:20:5-22:41
MERGED from [androidx.vectordrawable:vectordrawable:1.1.0] AndroidManifest.xml:20:5-22:41
MERGED from [androidx.coordinatorlayout:coordinatorlayout:1.0.0] AndroidManifest.xml:20:5-44
MERGED from [androidx.coordinatorlayout:coordinatorlayout:1.0.0] AndroidManifest.xml:20:5-44
MERGED from [androidx.slidingpanelayout:slidingpanelayout:1.0.0] AndroidManifest.xml:20:5-44
MERGED from [androidx.slidingpanelayout:slidingpanelayout:1.0.0] AndroidManifest.xml:20:5-44
MERGED from [androidx.customview:customview:1.0.0] AndroidManifest.xml:20:5-44
MERGED from [androidx.customview:customview:1.0.0] AndroidManifest.xml:20:5-44
MERGED from [androidx.swiperefreshlayout:swiperefreshlayout:1.0.0] AndroidManifest.xml:20:5-44
MERGED from [androidx.swiperefreshlayout:swiperefreshlayout:1.0.0] AndroidManifest.xml:20:5-44
MERGED from [androidx.asynclayoutinflater:asynclayoutinflater:1.0.0] AndroidManifest.xml:20:5-44
MERGED from [androidx.asynclayoutinflater:asynclayoutinflater:1.0.0] AndroidManifest.xml:20:5-44
MERGED from [androidx.core:core:1.1.0] AndroidManifest.xml:20:5-22:41
MERGED from [androidx.core:core:1.1.0] AndroidManifest.xml:20:5-22:41
MERGED from [androidx.cursoradapter:cursoradapter:1.0.0] AndroidManifest.xml:20:5-44
MERGED from [androidx.cursoradapter:cursoradapter:1.0.0] AndroidManifest.xml:20:5-44
MERGED from [androidx.cardview:cardview:1.0.0] AndroidManifest.xml:20:5-44
MERGED from [androidx.cardview:cardview:1.0.0] AndroidManifest.xml:20:5-44
MERGED from [androidx.localbroadcastmanager:localbroadcastmanager:1.0.0] AndroidManifest.xml:20:5-44
MERGED from [androidx.localbroadcastmanager:localbroadcastmanager:1.0.0] AndroidManifest.xml:20:5-44
MERGED from [androidx.versionedparcelable:versionedparcelable:1.1.0] AndroidManifest.xml:20:5-22:41
MERGED from [androidx.versionedparcelable:versionedparcelable:1.1.0] AndroidManifest.xml:20:5-22:41
MERGED from [androidx.interpolator:interpolator:1.0.0] AndroidManifest.xml:20:5-44
MERGED from [androidx.interpolator:interpolator:1.0.0] AndroidManifest.xml:20:5-44
MERGED from [androidx.documentfile:documentfile:1.0.0] AndroidManifest.xml:20:5-44
MERGED from [androidx.documentfile:documentfile:1.0.0] AndroidManifest.xml:20:5-44
MERGED from [androidx.print:print:1.0.0] AndroidManifest.xml:20:5-44
MERGED from [androidx.print:print:1.0.0] AndroidManifest.xml:20:5-44
MERGED from [androidx.lifecycle:lifecycle-runtime:2.1.0] AndroidManifest.xml:20:5-44
MERGED from [androidx.lifecycle:lifecycle-runtime:2.1.0] AndroidManifest.xml:20:5-44
MERGED from [androidx.lifecycle:lifecycle-viewmodel:2.1.0] AndroidManifest.xml:20:5-44
MERGED from [androidx.lifecycle:lifecycle-viewmodel:2.1.0] AndroidManifest.xml:20:5-44
MERGED from [androidx.savedstate:savedstate:1.0.0] AndroidManifest.xml:20:5-22:41
MERGED from [androidx.savedstate:savedstate:1.0.0] AndroidManifest.xml:20:5-22:41
MERGED from [androidx.lifecycle:lifecycle-livedata:2.0.0] AndroidManifest.xml:20:5-44
MERGED from [androidx.lifecycle:lifecycle-livedata:2.0.0] AndroidManifest.xml:20:5-44
MERGED from [androidx.lifecycle:lifecycle-livedata-core:2.0.0] AndroidManifest.xml:20:5-44
MERGED from [androidx.lifecycle:lifecycle-livedata-core:2.0.0] AndroidManifest.xml:20:5-44
MERGED from [androidx.arch.core:core-runtime:2.0.0] AndroidManifest.xml:20:5-44
MERGED from [androidx.arch.core:core-runtime:2.0.0] AndroidManifest.xml:20:5-44
MERGED from [com.google.firebase:firebase-database-collection:17.0.0] AndroidManifest.xml:5:5-44
MERGED from [com.google.firebase:firebase-database-collection:17.0.0] AndroidManifest.xml:5:5-44
INJECTED from src\main\AndroidManifest.xml
INJECTED from src\main\AndroidManifest.xml
	android:targetSdkVersion
		INJECTED from src\main\AndroidManifest.xml
		ADDED from src\main\AndroidManifest.xml
		INJECTED from src\main\AndroidManifest.xml
	android:minSdkVersion
		INJECTED from src\main\AndroidManifest.xml
		ADDED from src\main\AndroidManifest.xml
		INJECTED from src\main\AndroidManifest.xml
activity#com.google.firebase.auth.internal.FederatedSignInActivity
ADDED from [com.google.firebase:firebase-auth:19.0.0] AndroidManifest.xml:24:9-31:50
	android:excludeFromRecents
		ADDED from [com.google.firebase:firebase-auth:19.0.0] AndroidManifest.xml:26:13-46
	android:launchMode
		ADDED from [com.google.firebase:firebase-auth:19.0.0] AndroidManifest.xml:28:13-44
	android:exported
		ADDED from [com.google.firebase:firebase-auth:19.0.0] AndroidManifest.xml:27:13-36
	android:permission
		ADDED from [com.google.firebase:firebase-auth:19.0.0] AndroidManifest.xml:29:13-102
	android:theme
		ADDED from [com.google.firebase:firebase-auth:19.0.0] AndroidManifest.xml:30:13-72
	tools:replace
		ADDED from [com.google.firebase:firebase-auth:19.0.0] AndroidManifest.xml:31:13-47
	android:name
		ADDED from [com.google.firebase:firebase-auth:19.0.0] AndroidManifest.xml:25:13-85
uses-feature#0x00020000
ADDED from [com.google.android.gms:play-services-maps:17.0.0] AndroidManifest.xml:26:5-28:35
	android:glEsVersion
		ADDED from [com.google.android.gms:play-services-maps:17.0.0] AndroidManifest.xml:27:9-41
	android:required
		ADDED from [com.google.android.gms:play-services-maps:17.0.0] AndroidManifest.xml:28:9-32
activity#com.google.android.gms.common.api.GoogleApiActivity
ADDED from [com.google.android.gms:play-services-base:17.1.0] AndroidManifest.xml:23:9-26:75
	android:exported
		ADDED from [com.google.android.gms:play-services-base:17.1.0] AndroidManifest.xml:25:13-37
	android:theme
		ADDED from [com.google.android.gms:play-services-base:17.1.0] AndroidManifest.xml:26:13-72
	android:name
		ADDED from [com.google.android.gms:play-services-base:17.1.0] AndroidManifest.xml:24:13-79